0 info it worked if it ends with ok
1 verbose cli [ 'C:\\Program Files\\nodejs\\\\node.exe',
1 verbose cli   'C:\\Program Files\\nodejs\\node_modules\\npm\\bin\\npm-cli.js',
1 verbose cli   'install',
1 verbose cli   'Microsoft.AspNet.WebApi' ]
2 info using npm@1.4.28
3 info using node@v0.10.36
4 verbose node symlink C:\Program Files\nodejs\\node.exe
5 verbose cache add [ 'Microsoft.AspNet.WebApi', null ]
6 verbose cache add name=undefined spec="Microsoft.AspNet.WebApi" args=["Microsoft.AspNet.WebApi",null]
7 verbose parsed url { protocol: null,
7 verbose parsed url   slashes: null,
7 verbose parsed url   auth: null,
7 verbose parsed url   host: null,
7 verbose parsed url   port: null,
7 verbose parsed url   hostname: null,
7 verbose parsed url   hash: null,
7 verbose parsed url   search: null,
7 verbose parsed url   query: null,
7 verbose parsed url   pathname: 'Microsoft.AspNet.WebApi',
7 verbose parsed url   path: 'Microsoft.AspNet.WebApi',
7 verbose parsed url   href: 'Microsoft.AspNet.WebApi' }
8 silly lockFile 565f1118-Microsoft-AspNet-WebApi Microsoft.AspNet.WebApi
9 verbose lock Microsoft.AspNet.WebApi C:\Users\avi\AppData\Roaming\npm-cache\565f1118-Microsoft-AspNet-WebApi.lock
10 silly lockFile 565f1118-Microsoft-AspNet-WebApi Microsoft.AspNet.WebApi
11 silly lockFile 565f1118-Microsoft-AspNet-WebApi Microsoft.AspNet.WebApi
12 verbose addNamed [ 'Microsoft.AspNet.WebApi', '' ]
13 verbose addNamed [ null, '*' ]
14 silly lockFile f65e950a-Microsoft-AspNet-WebApi Microsoft.AspNet.WebApi@
15 verbose lock Microsoft.AspNet.WebApi@ C:\Users\avi\AppData\Roaming\npm-cache\f65e950a-Microsoft-AspNet-WebApi.lock
16 silly addNameRange { name: 'Microsoft.AspNet.WebApi', range: '*', hasData: false }
17 verbose request where is /Microsoft.AspNet.WebApi
18 verbose request registry https://registry.npmjs.org/
19 verbose request id 351c5537280d7962
20 verbose url raw /Microsoft.AspNet.WebApi
21 verbose url resolving [ 'https://registry.npmjs.org/', './Microsoft.AspNet.WebApi' ]
22 verbose url resolved https://registry.npmjs.org/Microsoft.AspNet.WebApi
23 verbose request where is https://registry.npmjs.org/Microsoft.AspNet.WebApi
24 info trying registry request attempt 1 at 02:29:05
25 http GET https://registry.npmjs.org/Microsoft.AspNet.WebApi
26 http 404 https://registry.npmjs.org/Microsoft.AspNet.WebApi
27 verbose headers { server: 'CouchDB/1.5.0 (Erlang OTP/R16B03)',
27 verbose headers   'content-type': 'application/json',
27 verbose headers   'cache-control': 'max-age=0',
27 verbose headers   'content-length': '51',
27 verbose headers   'accept-ranges': 'bytes',
27 verbose headers   date: 'Thu, 07 May 2015 06:28:57 GMT',
27 verbose headers   via: '1.1 varnish',
27 verbose headers   age: '0',
27 verbose headers   connection: 'keep-alive',
27 verbose headers   'x-served-by': 'cache-jfk1020-JFK',
27 verbose headers   'x-cache': 'MISS',
27 verbose headers   'x-cache-hits': '0',
27 verbose headers   'x-timer': 'S1430980137.422770,VS0,VE90' }
28 silly registry.get cb [ 404,
28 silly registry.get   { server: 'CouchDB/1.5.0 (Erlang OTP/R16B03)',
28 silly registry.get     'content-type': 'application/json',
28 silly registry.get     'cache-control': 'max-age=0',
28 silly registry.get     'content-length': '51',
28 silly registry.get     'accept-ranges': 'bytes',
28 silly registry.get     date: 'Thu, 07 May 2015 06:28:57 GMT',
28 silly registry.get     via: '1.1 varnish',
28 silly registry.get     age: '0',
28 silly registry.get     connection: 'keep-alive',
28 silly registry.get     'x-served-by': 'cache-jfk1020-JFK',
28 silly registry.get     'x-cache': 'MISS',
28 silly registry.get     'x-cache-hits': '0',
28 silly registry.get     'x-timer': 'S1430980137.422770,VS0,VE90' } ]
29 silly lockFile f65e950a-Microsoft-AspNet-WebApi Microsoft.AspNet.WebApi@
30 silly lockFile f65e950a-Microsoft-AspNet-WebApi Microsoft.AspNet.WebApi@
31 error 404 404 Not Found: Microsoft.AspNet.WebApi
31 error 404
31 error 404 'Microsoft.AspNet.WebApi' is not in the npm registry.
31 error 404 You should bug the author to publish it
31 error 404
31 error 404 Note that you can also install from a
31 error 404 tarball, folder, or http url, or git url.
32 error System Windows_NT 6.1.7601
33 error command "C:\\Program Files\\nodejs\\\\node.exe" "C:\\Program Files\\nodejs\\node_modules\\npm\\bin\\npm-cli.js" "install" "Microsoft.AspNet.WebApi"
34 error cwd E:\C#Projects\2014Projects\TestWebAPI
35 error node -v v0.10.36
36 error npm -v 1.4.28
37 error code E404
38 verbose exit [ 1, true ]
